# JRE version: OpenJDK Runtime Environment (8.0_292-b10) (build 1.8.0_292-b10)
# Java VM: OpenJDK 64-Bit Server VM (25.292-b10 mixed mode windows-amd64 compressed oops)
Heap:
 PSYoungGen      total 152576K, used 3251K [0x0000000716180000, 0x0000000720b80000, 0x00000007c0000000)
  eden space 131072K, 2% used [0x0000000716180000,0x00000007164ace40,0x000000071e180000)
  from space 21504K, 0% used [0x000000071f680000,0x000000071f680000,0x0000000720b80000)
  to   space 21504K, 0% used [0x000000071e180000,0x000000071e180000,0x000000071f680000)
 ParOldGen       total 348160K, used 3559K [0x00000005c2400000, 0x00000005d7800000, 0x0000000716180000)
  object space 348160K, 1% used [0x00000005c2400000,0x00000005c2779ef8,0x00000005d7800000)
 Metaspace       used 15342K, capacity 15678K, committed 15872K, reserved 1062912K
  class space    used 1838K, capacity 1980K, committed 2048K, reserved 1048576K
GC Heap History (10 events):
Event: 282.037 GC heap before
{Heap before GC invocations=112 (full 56):
 PSYoungGen      total 152576K, used 128K [0x0000000716180000, 0x0000000720b80000, 0x00000007c0000000)
  eden space 131072K, 0% used [0x0000000716180000,0x0000000716180000,0x000000071e180000)
  from space 21504K, 0% used [0x000000071f680000,0x000000071f6a0000,0x0000000720b80000)
  to   space 21504K, 0% used [0x000000071e180000,0x000000071e180000,0x000000071f680000)
 ParOldGen       total 348160K, used 3590K [0x00000005c2400000, 0x00000005d7800000, 0x0000000716180000)
  object space 348160K, 1% used [0x00000005c2400000,0x00000005c2781bf0,0x00000005d7800000)
 Metaspace       used 15331K, capacity 15646K, committed 15872K, reserved 1062912K
  class space    used 1837K, capacity 1948K, committed 2048K, reserved 1048576K
Event: 282.043 GC heap after
Heap after GC invocations=112 (full 56):
 PSYoungGen      total 152576K, used 0K [0x0000000716180000, 0x0000000720b80000, 0x00000007c0000000)
  eden space 131072K, 0% used [0x0000000716180000,0x0000000716180000,0x000000071e180000)
  from space 21504K, 0% used [0x000000071f680000,0x000000071f680000,0x0000000720b80000)
  to   space 21504K, 0% used [0x000000071e180000,0x000000071e180000,0x000000071f680000)
 ParOldGen       total 348160K, used 3590K [0x00000005c2400000, 0x00000005d7800000, 0x0000000716180000)
  object space 348160K, 1% used [0x00000005c2400000,0x00000005c2781bf0,0x00000005d7800000)
 Metaspace       used 15331K, capacity 15646K, committed 15872K, reserved 1062912K
  class space    used 1837K, capacity 1948K, committed 2048K, reserved 1048576K
}
Event: 287.051 GC heap before
{Heap before GC invocations=113 (full 56):
 PSYoungGen      total 152576K, used 6659K [0x0000000716180000, 0x0000000720b80000, 0x00000007c0000000)
  eden space 131072K, 5% used [0x0000000716180000,0x0000000716800db8,0x000000071e180000)
  from space 21504K, 0% used [0x000000071f680000,0x000000071f680000,0x0000000720b80000)
  to   space 21504K, 0% used [0x000000071e180000,0x000000071e180000,0x000000071f680000)
 ParOldGen       total 348160K, used 3590K [0x00000005c2400000, 0x00000005d7800000, 0x0000000716180000)
  object space 348160K, 1% used [0x00000005c2400000,0x00000005c2781bf0,0x00000005d7800000)
 Metaspace       used 15331K, capacity 15646K, committed 15872K, reserved 1062912K
  class space    used 1837K, capacity 1948K, committed 2048K, reserved 1048576K
Event: 287.051 GC heap after
Heap after GC invocations=113 (full 56):
 PSYoungGen      total 152576K, used 160K [0x0000000716180000, 0x0000000720b80000, 0x00000007c0000000)
  eden space 131072K, 0% used [0x0000000716180000,0x0000000716180000,0x000000071e180000)
  from space 21504K, 0% used [0x000000071e180000,0x000000071e1a8000,0x000000071f680000)
  to   space 21504K, 0% used [0x000000071f680000,0x000000071f680000,0x0000000720b80000)
 ParOldGen       total 348160K, used 3590K [0x00000005c2400000, 0x00000005d7800000, 0x0000000716180000)
  object space 348160K, 1% used [0x00000005c2400000,0x00000005c2781bf0,0x00000005d7800000)
 Metaspace       used 15331K, capacity 15646K, committed 15872K, reserved 1062912K
  class space    used 1837K, capacity 1948K, committed 2048K, reserved 1048576K
}
Event: 287.051 GC heap before
{Heap before GC invocations=114 (full 57):
 PSYoungGen      total 152576K, used 160K [0x0000000716180000, 0x0000000720b80000, 0x00000007c0000000)
  eden space 131072K, 0% used [0x0000000716180000,0x0000000716180000,0x000000071e180000)
  from space 21504K, 0% used [0x000000071e180000,0x000000071e1a8000,0x000000071f680000)
  to   space 21504K, 0% used [0x000000071f680000,0x000000071f680000,0x0000000720b80000)
 ParOldGen       total 348160K, used 3590K [0x00000005c2400000, 0x00000005d7800000, 0x0000000716180000)
  object space 348160K, 1% used [0x00000005c2400000,0x00000005c2781bf0,0x00000005d7800000)
 Metaspace       used 15331K, capacity 15646K, committed 15872K, reserved 1062912K
  class space    used 1837K, capacity 1948K, committed 2048K, reserved 1048576K
Event: 287.057 GC heap after
Heap after GC invocations=114 (full 57):
 PSYoungGen      total 152576K, used 0K [0x0000000716180000, 0x0000000720b80000, 0x00000007c0000000)
  eden space 131072K, 0% used [0x0000000716180000,0x0000000716180000,0x000000071e180000)
  from space 21504K, 0% used [0x000000071e180000,0x000000071e180000,0x000000071f680000)
  to   space 21504K, 0% used [0x000000071f680000,0x000000071f680000,0x0000000720b80000)
 ParOldGen       total 348160K, used 3590K [0x00000005c2400000, 0x00000005d7800000, 0x0000000716180000)
  object space 348160K, 1% used [0x00000005c2400000,0x00000005c2781bf0,0x00000005d7800000)
 Metaspace       used 15331K, capacity 15646K, committed 15872K, reserved 1062912K
  class space    used 1837K, capacity 1948K, committed 2048K, reserved 1048576K
}
Event: 292.065 GC heap before
{Heap before GC invocations=115 (full 57):
 PSYoungGen      total 152576K, used 12164K [0x0000000716180000, 0x0000000720b80000, 0x00000007c0000000)
  eden space 131072K, 9% used [0x0000000716180000,0x0000000716d61308,0x000000071e180000)
  from space 21504K, 0% used [0x000000071e180000,0x000000071e180000,0x000000071f680000)
  to   space 21504K, 0% used [0x000000071f680000,0x000000071f680000,0x0000000720b80000)
 ParOldGen       total 348160K, used 3590K [0x00000005c2400000, 0x00000005d7800000, 0x0000000716180000)
  object space 348160K, 1% used [0x00000005c2400000,0x00000005c2781bf0,0x00000005d7800000)
 Metaspace       used 15342K, capacity 15678K, committed 15872K, reserved 1062912K
  class space    used 1838K, capacity 1980K, committed 2048K, reserved 1048576K
Event: 292.066 GC heap after
Heap after GC invocations=115 (full 57):
 PSYoungGen      total 152576K, used 192K [0x0000000716180000, 0x0000000720b80000, 0x00000007c0000000)
  eden space 131072K, 0% used [0x0000000716180000,0x0000000716180000,0x000000071e180000)
  from space 21504K, 0% used [0x000000071f680000,0x000000071f6b0000,0x0000000720b80000)
  to   space 21504K, 0% used [0x000000071e180000,0x000000071e180000,0x000000071f680000)
 ParOldGen       total 348160K, used 3590K [0x00000005c2400000, 0x00000005d7800000, 0x0000000716180000)
  object space 348160K, 1% used [0x00000005c2400000,0x00000005c2781bf0,0x00000005d7800000)
 Metaspace       used 15342K, capacity 15678K, committed 15872K, reserved 1062912K
  class space    used 1838K, capacity 1980K, committed 2048K, reserved 1048576K
}
Event: 292.066 GC heap before
{Heap before GC invocations=116 (full 58):
 PSYoungGen      total 152576K, used 192K [0x0000000716180000, 0x0000000720b80000, 0x00000007c0000000)
  eden space 131072K, 0% used [0x0000000716180000,0x0000000716180000,0x000000071e180000)
  from space 21504K, 0% used [0x000000071f680000,0x000000071f6b0000,0x0000000720b80000)
  to   space 21504K, 0% used [0x000000071e180000,0x000000071e180000,0x000000071f680000)
 ParOldGen       total 348160K, used 3590K [0x00000005c2400000, 0x00000005d7800000, 0x0000000716180000)
  object space 348160K, 1% used [0x00000005c2400000,0x00000005c2781bf0,0x00000005d7800000)
 Metaspace       used 15342K, capacity 15678K, committed 15872K, reserved 1062912K
  class space    used 1838K, capacity 1980K, committed 2048K, reserved 1048576K
Event: 292.098 GC heap after
Heap after GC invocations=116 (full 58):
 PSYoungGen      total 152576K, used 0K [0x0000000716180000, 0x0000000720b80000, 0x00000007c0000000)
  eden space 131072K, 0% used [0x0000000716180000,0x0000000716180000,0x000000071e180000)
  from space 21504K, 0% used [0x000000071f680000,0x000000071f680000,0x0000000720b80000)
  to   space 21504K, 0% used [0x000000071e180000,0x000000071e180000,0x000000071f680000)
 ParOldGen       total 348160K, used 3559K [0x00000005c2400000, 0x00000005d7800000, 0x0000000716180000)
  object space 348160K, 1% used [0x00000005c2400000,0x00000005c2779ef8,0x00000005d7800000)
 Metaspace       used 15342K, capacity 15678K, committed 15872K, reserved 1062912K
  class space    used 1838K, capacity 1980K, committed 2048K, reserved 1048576K
}

