# JRE version: OpenJDK Runtime Environment (8.0_292-b10) (build 1.8.0_292-b10)
# Java VM: OpenJDK 64-Bit Server VM (25.292-b10 mixed mode windows-amd64 compressed oops)
Heap:
 PSYoungGen      total 152576K, used 12165K [0x0000000716180000, 0x0000000720b80000, 0x00000007c0000000)
  eden space 131072K, 9% used [0x0000000716180000,0x0000000716d61408,0x000000071e180000)
  from space 21504K, 0% used [0x000000071e180000,0x000000071e180000,0x000000071f680000)
  to   space 21504K, 0% used [0x000000071f680000,0x000000071f680000,0x0000000720b80000)
 ParOldGen       total 348160K, used 5245K [0x00000005c2400000, 0x00000005d7800000, 0x0000000716180000)
  object space 348160K, 1% used [0x00000005c2400000,0x00000005c291f550,0x00000005d7800000)
 Metaspace       used 17986K, capacity 18414K, committed 18688K, reserved 1064960K
  class space    used 2087K, capacity 2252K, committed 2304K, reserved 1048576K
GC Heap History (10 events):
Event: 7671.644 GC heap before
{Heap before GC invocations=3058 (full 1529):
 PSYoungGen      total 152576K, used 128K [0x0000000716180000, 0x0000000720b80000, 0x00000007c0000000)
  eden space 131072K, 0% used [0x0000000716180000,0x0000000716180000,0x000000071e180000)
  from space 21504K, 0% used [0x000000071e180000,0x000000071e1a0000,0x000000071f680000)
  to   space 21504K, 0% used [0x000000071f680000,0x000000071f680000,0x0000000720b80000)
 ParOldGen       total 348160K, used 5245K [0x00000005c2400000, 0x00000005d7800000, 0x0000000716180000)
  object space 348160K, 1% used [0x00000005c2400000,0x00000005c291f550,0x00000005d7800000)
 Metaspace       used 17943K, capacity 18350K, committed 18432K, reserved 1064960K
  class space    used 2083K, capacity 2252K, committed 2304K, reserved 1048576K
Event: 7671.651 GC heap after
Heap after GC invocations=3058 (full 1529):
 PSYoungGen      total 152576K, used 0K [0x0000000716180000, 0x0000000720b80000, 0x00000007c0000000)
  eden space 131072K, 0% used [0x0000000716180000,0x0000000716180000,0x000000071e180000)
  from space 21504K, 0% used [0x000000071e180000,0x000000071e180000,0x000000071f680000)
  to   space 21504K, 0% used [0x000000071f680000,0x000000071f680000,0x0000000720b80000)
 ParOldGen       total 348160K, used 5245K [0x00000005c2400000, 0x00000005d7800000, 0x0000000716180000)
  object space 348160K, 1% used [0x00000005c2400000,0x00000005c291f550,0x00000005d7800000)
 Metaspace       used 17943K, capacity 18350K, committed 18432K, reserved 1064960K
  class space    used 2083K, capacity 2252K, committed 2304K, reserved 1048576K
}
Event: 7676.659 GC heap before
{Heap before GC invocations=3059 (full 1529):
 PSYoungGen      total 152576K, used 6659K [0x0000000716180000, 0x0000000720b80000, 0x00000007c0000000)
  eden space 131072K, 5% used [0x0000000716180000,0x0000000716800e10,0x000000071e180000)
  from space 21504K, 0% used [0x000000071e180000,0x000000071e180000,0x000000071f680000)
  to   space 21504K, 0% used [0x000000071f680000,0x000000071f680000,0x0000000720b80000)
 ParOldGen       total 348160K, used 5245K [0x00000005c2400000, 0x00000005d7800000, 0x0000000716180000)
  object space 348160K, 1% used [0x00000005c2400000,0x00000005c291f550,0x00000005d7800000)
 Metaspace       used 17943K, capacity 18350K, committed 18432K, reserved 1064960K
  class space    used 2083K, capacity 2252K, committed 2304K, reserved 1048576K
Event: 7676.661 GC heap after
Heap after GC invocations=3059 (full 1529):
 PSYoungGen      total 152576K, used 128K [0x0000000716180000, 0x0000000720b80000, 0x00000007c0000000)
  eden space 131072K, 0% used [0x0000000716180000,0x0000000716180000,0x000000071e180000)
  from space 21504K, 0% used [0x000000071f680000,0x000000071f6a0000,0x0000000720b80000)
  to   space 21504K, 0% used [0x000000071e180000,0x000000071e180000,0x000000071f680000)
 ParOldGen       total 348160K, used 5245K [0x00000005c2400000, 0x00000005d7800000, 0x0000000716180000)
  object space 348160K, 1% used [0x00000005c2400000,0x00000005c291f550,0x00000005d7800000)
 Metaspace       used 17943K, capacity 18350K, committed 18432K, reserved 1064960K
  class space    used 2083K, capacity 2252K, committed 2304K, reserved 1048576K
}
Event: 7676.661 GC heap before
{Heap before GC invocations=3060 (full 1530):
 PSYoungGen      total 152576K, used 128K [0x0000000716180000, 0x0000000720b80000, 0x00000007c0000000)
  eden space 131072K, 0% used [0x0000000716180000,0x0000000716180000,0x000000071e180000)
  from space 21504K, 0% used [0x000000071f680000,0x000000071f6a0000,0x0000000720b80000)
  to   space 21504K, 0% used [0x000000071e180000,0x000000071e180000,0x000000071f680000)
 ParOldGen       total 348160K, used 5245K [0x00000005c2400000, 0x00000005d7800000, 0x0000000716180000)
  object space 348160K, 1% used [0x00000005c2400000,0x00000005c291f550,0x00000005d7800000)
 Metaspace       used 17943K, capacity 18350K, committed 18432K, reserved 1064960K
  class space    used 2083K, capacity 2252K, committed 2304K, reserved 1048576K
Event: 7676.668 GC heap after
Heap after GC invocations=3060 (full 1530):
 PSYoungGen      total 152576K, used 0K [0x0000000716180000, 0x0000000720b80000, 0x00000007c0000000)
  eden space 131072K, 0% used [0x0000000716180000,0x0000000716180000,0x000000071e180000)
  from space 21504K, 0% used [0x000000071f680000,0x000000071f680000,0x0000000720b80000)
  to   space 21504K, 0% used [0x000000071e180000,0x000000071e180000,0x000000071f680000)
 ParOldGen       total 348160K, used 5246K [0x00000005c2400000, 0x00000005d7800000, 0x0000000716180000)
  object space 348160K, 1% used [0x00000005c2400000,0x00000005c291f9d0,0x00000005d7800000)
 Metaspace       used 17943K, capacity 18350K, committed 18432K, reserved 1064960K
  class space    used 2083K, capacity 2252K, committed 2304K, reserved 1048576K
}
Event: 7681.676 GC heap before
{Heap before GC invocations=3061 (full 1530):
 PSYoungGen      total 152576K, used 6658K [0x0000000716180000, 0x0000000720b80000, 0x00000007c0000000)
  eden space 131072K, 5% used [0x0000000716180000,0x0000000716800a10,0x000000071e180000)
  from space 21504K, 0% used [0x000000071f680000,0x000000071f680000,0x0000000720b80000)
  to   space 21504K, 0% used [0x000000071e180000,0x000000071e180000,0x000000071f680000)
 ParOldGen       total 348160K, used 5246K [0x00000005c2400000, 0x00000005d7800000, 0x0000000716180000)
  object space 348160K, 1% used [0x00000005c2400000,0x00000005c291f9d0,0x00000005d7800000)
 Metaspace       used 17943K, capacity 18350K, committed 18432K, reserved 1064960K
  class space    used 2083K, capacity 2252K, committed 2304K, reserved 1048576K
Event: 7681.677 GC heap after
Heap after GC invocations=3061 (full 1530):
 PSYoungGen      total 152576K, used 192K [0x0000000716180000, 0x0000000720b80000, 0x00000007c0000000)
  eden space 131072K, 0% used [0x0000000716180000,0x0000000716180000,0x000000071e180000)
  from space 21504K, 0% used [0x000000071e180000,0x000000071e1b0000,0x000000071f680000)
  to   space 21504K, 0% used [0x000000071f680000,0x000000071f680000,0x0000000720b80000)
 ParOldGen       total 348160K, used 5246K [0x00000005c2400000, 0x00000005d7800000, 0x0000000716180000)
  object space 348160K, 1% used [0x00000005c2400000,0x00000005c291f9d0,0x00000005d7800000)
 Metaspace       used 17943K, capacity 18350K, committed 18432K, reserved 1064960K
  class space    used 2083K, capacity 2252K, committed 2304K, reserved 1048576K
}
Event: 7681.677 GC heap before
{Heap before GC invocations=3062 (full 1531):
 PSYoungGen      total 152576K, used 192K [0x0000000716180000, 0x0000000720b80000, 0x00000007c0000000)
  eden space 131072K, 0% used [0x0000000716180000,0x0000000716180000,0x000000071e180000)
  from space 21504K, 0% used [0x000000071e180000,0x000000071e1b0000,0x000000071f680000)
  to   space 21504K, 0% used [0x000000071f680000,0x000000071f680000,0x0000000720b80000)
 ParOldGen       total 348160K, used 5246K [0x00000005c2400000, 0x00000005d7800000, 0x0000000716180000)
  object space 348160K, 1% used [0x00000005c2400000,0x00000005c291f9d0,0x00000005d7800000)
 Metaspace       used 17943K, capacity 18350K, committed 18432K, reserved 1064960K
  class space    used 2083K, capacity 2252K, committed 2304K, reserved 1048576K
Event: 7681.685 GC heap after
Heap after GC invocations=3062 (full 1531):
 PSYoungGen      total 152576K, used 0K [0x0000000716180000, 0x0000000720b80000, 0x00000007c0000000)
  eden space 131072K, 0% used [0x0000000716180000,0x0000000716180000,0x000000071e180000)
  from space 21504K, 0% used [0x000000071e180000,0x000000071e180000,0x000000071f680000)
  to   space 21504K, 0% used [0x000000071f680000,0x000000071f680000,0x0000000720b80000)
 ParOldGen       total 348160K, used 5245K [0x00000005c2400000, 0x00000005d7800000, 0x0000000716180000)
  object space 348160K, 1% used [0x00000005c2400000,0x00000005c291f550,0x00000005d7800000)
 Metaspace       used 17943K, capacity 18350K, committed 18432K, reserved 1064960K
  class space    used 2083K, capacity 2252K, committed 2304K, reserved 1048576K
}

