# JRE version: OpenJDK Runtime Environment (8.0_292-b10) (build 1.8.0_292-b10)
# Java VM: OpenJDK 64-Bit Server VM (25.292-b10 mixed mode windows-amd64 compressed oops)
Heap:
 PSYoungGen      total 152576K, used 14670K [0x0000000716180000, 0x0000000720b80000, 0x00000007c0000000)
  eden space 131072K, 11% used [0x0000000716180000,0x0000000716fd3af8,0x000000071e180000)
  from space 21504K, 0% used [0x000000071f680000,0x000000071f680000,0x0000000720b80000)
  to   space 21504K, 0% used [0x000000071e180000,0x000000071e180000,0x000000071f680000)
 ParOldGen       total 348160K, used 3842K [0x00000005c2400000, 0x00000005d7800000, 0x0000000716180000)
  object space 348160K, 1% used [0x00000005c2400000,0x00000005c27c0bf0,0x00000005d7800000)
 Metaspace       used 15317K, capacity 15612K, committed 15872K, reserved 1062912K
  class space    used 1850K, capacity 1977K, committed 2048K, reserved 1048576K
GC Heap History (8 events):
Event: 6.117 GC heap before
{Heap before GC invocations=1 (full 0):
 PSYoungGen      total 152576K, used 65600K [0x0000000716180000, 0x0000000720b80000, 0x00000007c0000000)
  eden space 131072K, 50% used [0x0000000716180000,0x000000071a190318,0x000000071e180000)
  from space 21504K, 0% used [0x000000071f680000,0x000000071f680000,0x0000000720b80000)
  to   space 21504K, 0% used [0x000000071e180000,0x000000071e180000,0x000000071f680000)
 ParOldGen       total 348160K, used 0K [0x00000005c2400000, 0x00000005d7800000, 0x0000000716180000)
  object space 348160K, 0% used [0x00000005c2400000,0x00000005c2400000,0x00000005d7800000)
 Metaspace       used 14508K, capacity 14832K, committed 14976K, reserved 1062912K
  class space    used 1751K, capacity 1869K, committed 1920K, reserved 1048576K
Event: 6.120 GC heap after
Heap after GC invocations=1 (full 0):
 PSYoungGen      total 152576K, used 5370K [0x0000000716180000, 0x0000000720b80000, 0x00000007c0000000)
  eden space 131072K, 0% used [0x0000000716180000,0x0000000716180000,0x000000071e180000)
  from space 21504K, 24% used [0x000000071e180000,0x000000071e6bea08,0x000000071f680000)
  to   space 21504K, 0% used [0x000000071f680000,0x000000071f680000,0x0000000720b80000)
 ParOldGen       total 348160K, used 39K [0x00000005c2400000, 0x00000005d7800000, 0x0000000716180000)
  object space 348160K, 0% used [0x00000005c2400000,0x00000005c2409c40,0x00000005d7800000)
 Metaspace       used 14508K, capacity 14832K, committed 14976K, reserved 1062912K
  class space    used 1751K, capacity 1869K, committed 1920K, reserved 1048576K
}
Event: 6.120 GC heap before
{Heap before GC invocations=2 (full 1):
 PSYoungGen      total 152576K, used 5370K [0x0000000716180000, 0x0000000720b80000, 0x00000007c0000000)
  eden space 131072K, 0% used [0x0000000716180000,0x0000000716180000,0x000000071e180000)
  from space 21504K, 24% used [0x000000071e180000,0x000000071e6bea08,0x000000071f680000)
  to   space 21504K, 0% used [0x000000071f680000,0x000000071f680000,0x0000000720b80000)
 ParOldGen       total 348160K, used 39K [0x00000005c2400000, 0x00000005d7800000, 0x0000000716180000)
  object space 348160K, 0% used [0x00000005c2400000,0x00000005c2409c40,0x00000005d7800000)
 Metaspace       used 14508K, capacity 14832K, committed 14976K, reserved 1062912K
  class space    used 1751K, capacity 1869K, committed 1920K, reserved 1048576K
Event: 6.132 GC heap after
Heap after GC invocations=2 (full 1):
 PSYoungGen      total 152576K, used 0K [0x0000000716180000, 0x0000000720b80000, 0x00000007c0000000)
  eden space 131072K, 0% used [0x0000000716180000,0x0000000716180000,0x000000071e180000)
  from space 21504K, 0% used [0x000000071e180000,0x000000071e180000,0x000000071f680000)
  to   space 21504K, 0% used [0x000000071f680000,0x000000071f680000,0x0000000720b80000)
 ParOldGen       total 348160K, used 4904K [0x00000005c2400000, 0x00000005d7800000, 0x0000000716180000)
  object space 348160K, 1% used [0x00000005c2400000,0x00000005c28ca0f8,0x00000005d7800000)
 Metaspace       used 14508K, capacity 14832K, committed 14976K, reserved 1062912K
  class space    used 1751K, capacity 1869K, committed 1920K, reserved 1048576K
}
Event: 11.140 GC heap before
{Heap before GC invocations=3 (full 1):
 PSYoungGen      total 152576K, used 21206K [0x0000000716180000, 0x0000000720b80000, 0x00000007c0000000)
  eden space 131072K, 16% used [0x0000000716180000,0x0000000717635900,0x000000071e180000)
  from space 21504K, 0% used [0x000000071e180000,0x000000071e180000,0x000000071f680000)
  to   space 21504K, 0% used [0x000000071f680000,0x000000071f680000,0x0000000720b80000)
 ParOldGen       total 348160K, used 4904K [0x00000005c2400000, 0x00000005d7800000, 0x0000000716180000)
  object space 348160K, 1% used [0x00000005c2400000,0x00000005c28ca0f8,0x00000005d7800000)
 Metaspace       used 15225K, capacity 15510K, committed 15872K, reserved 1062912K
  class space    used 1840K, capacity 1944K, committed 2048K, reserved 1048576K
Event: 11.141 GC heap after
Heap after GC invocations=3 (full 1):
 PSYoungGen      total 152576K, used 653K [0x0000000716180000, 0x0000000720b80000, 0x00000007c0000000)
  eden space 131072K, 0% used [0x0000000716180000,0x0000000716180000,0x000000071e180000)
  from space 21504K, 3% used [0x000000071f680000,0x000000071f723510,0x0000000720b80000)
  to   space 21504K, 0% used [0x000000071e180000,0x000000071e180000,0x000000071f680000)
 ParOldGen       total 348160K, used 4912K [0x00000005c2400000, 0x00000005d7800000, 0x0000000716180000)
  object space 348160K, 1% used [0x00000005c2400000,0x00000005c28cc0f8,0x00000005d7800000)
 Metaspace       used 15225K, capacity 15510K, committed 15872K, reserved 1062912K
  class space    used 1840K, capacity 1944K, committed 2048K, reserved 1048576K
}
Event: 11.141 GC heap before
{Heap before GC invocations=4 (full 2):
 PSYoungGen      total 152576K, used 653K [0x0000000716180000, 0x0000000720b80000, 0x00000007c0000000)
  eden space 131072K, 0% used [0x0000000716180000,0x0000000716180000,0x000000071e180000)
  from space 21504K, 3% used [0x000000071f680000,0x000000071f723510,0x0000000720b80000)
  to   space 21504K, 0% used [0x000000071e180000,0x000000071e180000,0x000000071f680000)
 ParOldGen       total 348160K, used 4912K [0x00000005c2400000, 0x00000005d7800000, 0x0000000716180000)
  object space 348160K, 1% used [0x00000005c2400000,0x00000005c28cc0f8,0x00000005d7800000)
 Metaspace       used 15225K, capacity 15510K, committed 15872K, reserved 1062912K
  class space    used 1840K, capacity 1944K, committed 2048K, reserved 1048576K
Event: 11.165 GC heap after
Heap after GC invocations=4 (full 2):
 PSYoungGen      total 152576K, used 0K [0x0000000716180000, 0x0000000720b80000, 0x00000007c0000000)
  eden space 131072K, 0% used [0x0000000716180000,0x0000000716180000,0x000000071e180000)
  from space 21504K, 0% used [0x000000071f680000,0x000000071f680000,0x0000000720b80000)
  to   space 21504K, 0% used [0x000000071e180000,0x000000071e180000,0x000000071f680000)
 ParOldGen       total 348160K, used 3842K [0x00000005c2400000, 0x00000005d7800000, 0x0000000716180000)
  object space 348160K, 1% used [0x00000005c2400000,0x00000005c27c0bf0,0x00000005d7800000)
 Metaspace       used 15225K, capacity 15510K, committed 15872K, reserved 1062912K
  class space    used 1840K, capacity 1944K, committed 2048K, reserved 1048576K
}

