<?xml version="1.0" encoding="UTF-8"?>
<testsuite xmlns:xsi="http://www.w3.org/2001/XMLSchema-instance" xsi:noNamespaceSchemaLocation="https://maven.apache.org/surefire/maven-surefire-plugin/xsd/surefire-test-report-3.0.xsd" version="3.0" name="com.fantank.sql.TestUpdate" time="0.04" tests="1" errors="0" skipped="0" failures="0">
  <properties>
[...]
</properties>
  <testcase name="testUpdate" classname="com.fantank.sql.TestUpdate" time="0.039">
    <system-out><![CDATA[intercourse null
11:55:32.485 [main] DEBUG org.apache.ibatis.datasource.pooled.PooledDataSource - PooledDataSource forcefully closed/removed all connections.
11:55:32.485 [main] DEBUG org.apache.ibatis.datasource.pooled.PooledDataSource - PooledDataSource forcefully closed/removed all connections.
11:55:32.486 [main] DEBUG org.apache.ibatis.datasource.pooled.PooledDataSource - PooledDataSource forcefully closed/removed all connections.
11:55:32.486 [main] DEBUG org.apache.ibatis.datasource.pooled.PooledDataSource - PooledDataSource forcefully closed/removed all connections.
11:55:32.486 [main] DEBUG org.apache.ibatis.io.DefaultVFS - Find JAR URL: file:/D:/1mproving/Developments/code-scanning-sys/code-scanning-webserver/code-scanning-webserver/target/classes/com/fantank/mapper
11:55:32.486 [main] DEBUG org.apache.ibatis.io.DefaultVFS - Not a JAR: file:/D:/1mproving/Developments/code-scanning-sys/code-scanning-webserver/code-scanning-webserver/target/classes/com/fantank/mapper
11:55:32.488 [main] DEBUG org.apache.ibatis.io.DefaultVFS - Reader entry: OrderMapper.class
11:55:32.488 [main] DEBUG org.apache.ibatis.io.DefaultVFS - Reader entry: OrderMapper.xml
11:55:32.488 [main] DEBUG org.apache.ibatis.io.DefaultVFS - Reader entry: QueuingMapper.class
11:55:32.489 [main] DEBUG org.apache.ibatis.io.DefaultVFS - Reader entry: QueuingMapper.xml
11:55:32.489 [main] DEBUG org.apache.ibatis.io.DefaultVFS - Reader entry: StatusMapper.class
11:55:32.489 [main] DEBUG org.apache.ibatis.io.DefaultVFS - Reader entry: StatusMapper.xml
11:55:32.489 [main] DEBUG org.apache.ibatis.io.DefaultVFS - Listing file:/D:/1mproving/Developments/code-scanning-sys/code-scanning-webserver/code-scanning-webserver/target/classes/com/fantank/mapper
11:55:32.489 [main] DEBUG org.apache.ibatis.io.DefaultVFS - Find JAR URL: file:/D:/1mproving/Developments/code-scanning-sys/code-scanning-webserver/code-scanning-webserver/target/classes/com/fantank/mapper/OrderMapper.class
11:55:32.489 [main] DEBUG org.apache.ibatis.io.DefaultVFS - Not a JAR: file:/D:/1mproving/Developments/code-scanning-sys/code-scanning-webserver/code-scanning-webserver/target/classes/com/fantank/mapper/OrderMapper.class
11:55:32.490 [main] DEBUG org.apache.ibatis.io.DefaultVFS - Reader entry: 漱壕&amp#0;&amp#0;&amp#0;4&amp#0;	&amp#7;&amp#0;&amp#2;&amp#1;&amp#0;&amp#30;com/fantank/mapper/OrderMapper&amp#7;&amp#0;&amp#4;&amp#1;&amp#0;&amp#16;java/lang/Object&amp#1;&amp#0;&amp#29;getVehicleNumberByOrderNumber&amp#1;&amp#0;,(Ljava/lang/String;)Lcom/fantank/pojo/Order;&amp#1;&amp#0;
11:55:32.490 [main] DEBUG org.apache.ibatis.io.DefaultVFS - Find JAR URL: file:/D:/1mproving/Developments/code-scanning-sys/code-scanning-webserver/code-scanning-webserver/target/classes/com/fantank/mapper/OrderMapper.xml
11:55:32.491 [main] DEBUG org.apache.ibatis.io.DefaultVFS - Not a JAR: file:/D:/1mproving/Developments/code-scanning-sys/code-scanning-webserver/code-scanning-webserver/target/classes/com/fantank/mapper/OrderMapper.xml
11:55:32.492 [main] DEBUG org.apache.ibatis.io.DefaultVFS - Reader entry: <?xml version="1.0" encoding="UTF-8" ?>
11:55:32.492 [main] DEBUG org.apache.ibatis.io.DefaultVFS - Find JAR URL: file:/D:/1mproving/Developments/code-scanning-sys/code-scanning-webserver/code-scanning-webserver/target/classes/com/fantank/mapper/QueuingMapper.class
11:55:32.492 [main] DEBUG org.apache.ibatis.io.DefaultVFS - Not a JAR: file:/D:/1mproving/Developments/code-scanning-sys/code-scanning-webserver/code-scanning-webserver/target/classes/com/fantank/mapper/QueuingMapper.class
11:55:32.493 [main] DEBUG org.apache.ibatis.io.DefaultVFS - Reader entry: 漱壕&amp#0;&amp#0;&amp#0;4&amp#0;	&amp#7;&amp#0;&amp#2;&amp#1;&amp#0; com/fantank/mapper/QueuingMapper&amp#7;&amp#0;&amp#4;&amp#1;&amp#0;&amp#16;java/lang/Object&amp#1;&amp#0;&amp#25;updateMatchingDriveStatus&amp#1;&amp#0;'(Ljava/lang/String;)Ljava/lang/Integer;&amp#1;&amp#0;
11:55:32.493 [main] DEBUG org.apache.ibatis.io.DefaultVFS - Find JAR URL: file:/D:/1mproving/Developments/code-scanning-sys/code-scanning-webserver/code-scanning-webserver/target/classes/com/fantank/mapper/QueuingMapper.xml
11:55:32.493 [main] DEBUG org.apache.ibatis.io.DefaultVFS - Not a JAR: file:/D:/1mproving/Developments/code-scanning-sys/code-scanning-webserver/code-scanning-webserver/target/classes/com/fantank/mapper/QueuingMapper.xml
11:55:32.494 [main] DEBUG org.apache.ibatis.io.DefaultVFS - Reader entry: <?xml version="1.0" encoding="UTF-8" ?>
11:55:32.494 [main] DEBUG org.apache.ibatis.io.DefaultVFS - Find JAR URL: file:/D:/1mproving/Developments/code-scanning-sys/code-scanning-webserver/code-scanning-webserver/target/classes/com/fantank/mapper/StatusMapper.class
11:55:32.495 [main] DEBUG org.apache.ibatis.io.DefaultVFS - Not a JAR: file:/D:/1mproving/Developments/code-scanning-sys/code-scanning-webserver/code-scanning-webserver/target/classes/com/fantank/mapper/StatusMapper.class
11:55:32.495 [main] DEBUG org.apache.ibatis.io.DefaultVFS - Reader entry: 漱壕&amp#0;&amp#0;&amp#0;4&amp#0;	&amp#7;&amp#0;&amp#2;&amp#1;&amp#0;&amp#31;com/fantank/mapper/StatusMapper&amp#7;&amp#0;&amp#4;&amp#1;&amp#0;&amp#16;java/lang/Object&amp#1;&amp#0;%getStatusByOrderNumberThroughTicketId&amp#1;&amp#0;'(Ljava/lang/String;)Ljava/lang/Integer;&amp#1;&amp#0;
11:55:32.495 [main] DEBUG org.apache.ibatis.io.DefaultVFS - Find JAR URL: file:/D:/1mproving/Developments/code-scanning-sys/code-scanning-webserver/code-scanning-webserver/target/classes/com/fantank/mapper/StatusMapper.xml
11:55:32.496 [main] DEBUG org.apache.ibatis.io.DefaultVFS - Not a JAR: file:/D:/1mproving/Developments/code-scanning-sys/code-scanning-webserver/code-scanning-webserver/target/classes/com/fantank/mapper/StatusMapper.xml
11:55:32.496 [main] DEBUG org.apache.ibatis.io.DefaultVFS - Reader entry: <?xml version="1.0" encoding="UTF-8" ?>
11:55:32.496 [main] DEBUG org.apache.ibatis.io.ResolverUtil - Checking to see if class com.fantank.mapper.OrderMapper matches criteria [is assignable to Object]
11:55:32.496 [main] DEBUG org.apache.ibatis.io.ResolverUtil - Checking to see if class com.fantank.mapper.QueuingMapper matches criteria [is assignable to Object]
11:55:32.497 [main] DEBUG org.apache.ibatis.io.ResolverUtil - Checking to see if class com.fantank.mapper.StatusMapper matches criteria [is assignable to Object]
11:55:32.515 [main] DEBUG org.apache.ibatis.transaction.jdbc.JdbcTransaction - Opening JDBC Connection
11:55:32.519 [main] DEBUG org.apache.ibatis.datasource.pooled.PooledDataSource - Created connection 1319483139.
11:55:32.519 [main] DEBUG com.fantank.mapper.QueuingMapper.updateMatchingDriveStatus - ==>  Preparing: UPDATE queuing_matching_driver SET status = 5 WHERE tihuo_order like '%0080058302';
11:55:32.520 [main] DEBUG com.fantank.mapper.QueuingMapper.updateMatchingDriveStatus - ==> Parameters: 
11:55:32.531 [main] DEBUG com.fantank.mapper.QueuingMapper.updateMatchingDriveStatus - <==    Updates: 1
1
11:55:32.532 [main] DEBUG org.apache.ibatis.transaction.jdbc.JdbcTransaction - Closing JDBC Connection [com.mysql.jdbc.JDBC4Connection@4ea5b703]
11:55:32.532 [main] DEBUG org.apache.ibatis.datasource.pooled.PooledDataSource - Returned connection 1319483139 to pool.
]]></system-out>
    <system-err><![CDATA[Fri May 12 11:55:32 HKT 2023 WARN: Establishing SSL connection without server's identity verification is not recommended. According to MySQL 5.5.45+, 5.6.26+ and 5.7.6+ requirements SSL connection must be established by default if explicit option isn't set. For compliance with existing applications not using SSL the verifyServerCertificate property is set to 'false'. You need either to explicitly disable SSL by setting useSSL=false, or set useSSL=true and provide truststore for server certificate verification.
]]></system-err>
  </testcase>
</testsuite>